2020-08-08 11:41:54,874 [Worker-0: Loading available Gradle versions] INFO  o.e.b.c.i.u.g.PublishedGradleVersions - Gradle version information cache is not available. Remote download required.
2020-08-22 09:57:37,805 [Worker-3: Loading available Gradle versions] INFO  o.e.b.c.i.u.g.PublishedGradleVersions - Gradle version information cache is out-of-date. Trying to update.
2020-08-29 09:56:52,319 [Worker-5: Loading available Gradle versions] INFO  o.e.b.c.i.u.g.PublishedGradleVersions - Gradle version information cache is out-of-date. Trying to update.
2020-08-31 10:52:05,806 [Worker-2: Loading available Gradle versions] INFO  o.e.b.c.i.u.g.PublishedGradleVersions - Gradle version information cache is out-of-date. Trying to update.
2020-09-04 14:46:16,913 [Worker-2: Loading available Gradle versions] INFO  o.e.b.c.i.u.g.PublishedGradleVersions - Gradle version information cache is out-of-date. Trying to update.
2020-09-05 09:47:49,384 [Worker-1: Loading available Gradle versions] INFO  o.e.b.c.i.u.g.PublishedGradleVersions - Gradle version information cache is up-to-date. Trying to read.
2020-09-05 10:44:18,453 [Worker-5: Loading available Gradle versions] INFO  o.e.b.c.i.u.g.PublishedGradleVersions - Gradle version information cache is up-to-date. Trying to read.
2020-09-05 16:38:41,641 [Worker-2: Loading available Gradle versions] INFO  o.e.b.c.i.u.g.PublishedGradleVersions - Gradle version information cache is out-of-date. Trying to update.
2020-09-08 11:42:48,046 [Worker-1: Loading available Gradle versions] INFO  o.e.b.c.i.u.g.PublishedGradleVersions - Gradle version information cache is out-of-date. Trying to update.
2020-09-08 16:24:29,247 [Worker-1: Loading available Gradle versions] INFO  o.e.b.c.i.u.g.PublishedGradleVersions - Gradle version information cache is up-to-date. Trying to read.
2020-09-11 09:43:21,510 [Worker-6: Loading available Gradle versions] INFO  o.e.b.c.i.u.g.PublishedGradleVersions - Gradle version information cache is out-of-date. Trying to update.
2020-09-11 15:04:28,217 [Worker-2: Loading available Gradle versions] INFO  o.e.b.c.i.u.g.PublishedGradleVersions - Gradle version information cache is up-to-date. Trying to read.
2020-09-12 09:57:13,262 [Worker-2: Loading available Gradle versions] INFO  o.e.b.c.i.u.g.PublishedGradleVersions - Gradle version information cache is out-of-date. Trying to update.
2020-09-14 14:33:31,980 [Worker-0: Loading available Gradle versions] INFO  o.e.b.c.i.u.g.PublishedGradleVersions - Gradle version information cache is out-of-date. Trying to update.
2020-09-15 11:02:04,599 [Worker-0: Loading available Gradle versions] INFO  o.e.b.c.i.u.g.PublishedGradleVersions - Gradle version information cache is up-to-date. Trying to read.
2020-09-16 09:19:41,252 [Worker-0: Loading available Gradle versions] INFO  o.e.b.c.i.u.g.PublishedGradleVersions - Gradle version information cache is out-of-date. Trying to update.
2020-10-13 18:54:37,766 [Worker-2: Loading available Gradle versions] INFO  o.e.b.c.i.u.g.PublishedGradleVersions - Gradle version information cache is out-of-date. Trying to update.
2020-10-13 18:55:10,644 [main] INFO  org.eclipse.jetty.util.log - Logging initialized @45959ms to org.eclipse.jetty.util.log.Slf4jLog
2020-10-13 18:55:10,716 [main] INFO  org.eclipse.jetty.server.Server - jetty-9.4.29.v20200521; built: 2020-05-27T11:26:53.365Z; git: 77c232aed8a45c818fd27232278d9f95a021095e; jvm 1.8.0_261-b12
2020-10-13 18:55:10,730 [main] INFO  org.eclipse.jetty.server.session - DefaultSessionIdManager workerName=node0
2020-10-13 18:55:10,730 [main] INFO  org.eclipse.jetty.server.session - No SessionScavenger set, using defaults
2020-10-13 18:55:10,731 [main] INFO  org.eclipse.jetty.server.session - node0 Scavenging every 600000ms
2020-10-13 18:55:10,749 [main] INFO  o.e.j.server.handler.ContextHandler - Started o.e.j.s.ServletContextHandler@65d3e2ba{/wse,null,AVAILABLE}
2020-10-13 18:55:10,764 [main] INFO  o.e.jetty.server.AbstractConnector - Started ServerConnector@6d21a69f{HTTP/1.1, (http/1.1)}{0.0.0.0:52117}
2020-10-13 18:55:10,764 [main] INFO  org.eclipse.jetty.server.Server - Started @46080ms
2020-10-13 18:55:10,765 [main] INFO  org.eclipse.jetty.server.session - node0 Scavenging every 600000ms
2020-10-14 00:31:04,903 [Framework stop - Equinox Container: 117ecd9b-5e5b-4e77-a6d7-51f95685fd7a] INFO  o.e.jetty.server.AbstractConnector - Stopped ServerConnector@6d21a69f{HTTP/1.1, (http/1.1)}{0.0.0.0:0}
2020-10-14 00:31:04,903 [Framework stop - Equinox Container: 117ecd9b-5e5b-4e77-a6d7-51f95685fd7a] INFO  org.eclipse.jetty.server.session - node0 Stopped scavenging
2020-10-14 00:31:04,975 [Framework stop - Equinox Container: 117ecd9b-5e5b-4e77-a6d7-51f95685fd7a] INFO  o.e.j.server.handler.ContextHandler - Stopped o.e.j.s.ServletContextHandler@65d3e2ba{/wse,null,UNAVAILABLE}
2020-10-14 16:15:24,877 [Worker-2: Loading available Gradle versions] INFO  o.e.b.c.i.u.g.PublishedGradleVersions - Gradle version information cache is up-to-date. Trying to read.
